04/04/2021 08:54:03 PM - server_logger - INFO - The server has started
04/04/2021 08:58:29 PM - server_logger - INFO - Keyboard Interrupt
04/04/2021 09:19:25 PM - server_logger - INFO - The server has started
04/04/2021 09:22:35 PM - server_logger - INFO - Exception - __init__() got an unexpected keyword argument 'method'
04/04/2021 09:23:53 PM - server_logger - INFO - The server has started
04/04/2021 09:24:27 PM - server_logger - INFO - Keyboard Interrupt
04/04/2021 09:24:36 PM - server_logger - INFO - The server has started
04/04/2021 09:25:00 PM - server_logger - INFO - Keyboard Interrupt
04/04/2021 09:25:56 PM - server_logger - INFO - The server has started
04/04/2021 09:27:05 PM - server_logger - INFO - The server has started
04/04/2021 09:27:19 PM - server_logger - INFO - Keyboard Interrupt
04/04/2021 09:33:02 PM - server_logger - INFO - The server has started
04/04/2021 09:33:32 PM - server_logger - INFO - The server has started
04/04/2021 09:33:51 PM - server_logger - INFO - Keyboard Interrupt
04/04/2021 09:35:30 PM - server_logger - INFO - The server has started
04/04/2021 09:36:50 PM - server_logger - INFO - The server has started
04/04/2021 09:37:21 PM - server_logger - INFO - The server has started
04/04/2021 09:37:37 PM - server_logger - INFO - Keyboard Interrupt
04/04/2021 09:38:23 PM - server_logger - INFO - The server has started
04/04/2021 09:39:48 PM - server_logger - INFO - Keyboard Interrupt
04/04/2021 09:40:29 PM - server_logger - INFO - The server has started
04/04/2021 09:40:39 PM - server_logger - INFO - Keyboard Interrupt
04/04/2021 09:42:34 PM - server_logger - INFO - The server has started
04/04/2021 09:42:44 PM - server_logger - INFO - Keyboard Interrupt
04/04/2021 09:43:46 PM - server_logger - INFO - The server has started
04/04/2021 09:50:25 PM - server_logger - INFO - The server has started
04/04/2021 09:51:31 PM - server_logger - INFO - Keyboard Interrupt
04/04/2021 09:53:07 PM - server_logger - INFO - The server has started
04/04/2021 09:53:48 PM - server_logger - INFO - The server has started
04/04/2021 10:00:39 PM - server_logger - INFO - The server has started
04/04/2021 10:05:32 PM - server_logger - INFO - The server has started
04/04/2021 10:06:20 PM - server_logger - INFO - The server has started
04/04/2021 10:08:49 PM - server_logger - INFO - The server has started
04/04/2021 10:09:20 PM - server_logger - INFO - The server has started
04/04/2021 10:10:11 PM - server_logger - INFO - The server has started
04/04/2021 10:10:45 PM - server_logger - INFO - The server has started
04/04/2021 10:11:58 PM - server_logger - INFO - The server has started
04/04/2021 10:12:36 PM - server_logger - INFO - The server has started
04/04/2021 10:13:15 PM - server_logger - INFO - The server has started
04/04/2021 10:13:22 PM - server_logger - INFO - Keyboard Interrupt
04/04/2021 10:19:22 PM - server_logger - INFO - The server has started
04/04/2021 10:20:06 PM - server_logger - INFO - The server has started
04/04/2021 10:21:49 PM - server_logger - INFO - The server has started
04/04/2021 10:23:21 PM - server_logger - INFO - The server has started
04/04/2021 10:27:17 PM - server_logger - INFO - The server has started
04/04/2021 10:48:52 PM - server_logger - INFO - The server has started
04/04/2021 10:49:44 PM - server_logger - INFO - The server has started
04/04/2021 10:50:24 PM - server_logger - INFO - The server has started
04/04/2021 10:51:02 PM - server_logger - INFO - Keyboard Interrupt
04/04/2021 10:51:10 PM - server_logger - INFO - The server has started
06/04/2021 12:36:04 AM - server_logger - INFO - The server has started
06/04/2021 12:37:12 AM - server_logger - INFO - The server has started
06/04/2021 01:00:41 AM - server_logger - INFO - The server has started
06/04/2021 01:03:38 AM - server_logger - INFO - The server has started
06/04/2021 01:04:15 AM - server_logger - INFO - The server has started
06/04/2021 01:05:04 AM - server_logger - INFO - The server has started
06/04/2021 01:07:16 AM - server_logger - INFO - The server has started
06/04/2021 01:12:30 AM - server_logger - INFO - The server has started
06/04/2021 01:17:08 AM - server_logger - INFO - The server has started
06/04/2021 01:17:26 AM - server_logger - INFO - The server has started
06/04/2021 01:25:51 AM - server_logger - INFO - The server has started
06/04/2021 01:29:01 AM - server_logger - INFO - The server has started
06/04/2021 01:31:29 AM - server_logger - INFO - The server has started
06/04/2021 01:32:30 AM - server_logger - INFO - The server has started
06/04/2021 01:41:22 AM - server_logger - INFO - The server has started
06/04/2021 01:41:57 AM - server_logger - INFO - The server has started
06/04/2021 01:43:13 AM - server_logger - INFO - The server has started
06/04/2021 01:45:36 AM - server_logger - INFO - The server has started
06/04/2021 01:49:35 AM - server_logger - INFO - The server has started
06/04/2021 01:52:20 AM - server_logger - INFO - The server has started
06/04/2021 01:53:11 AM - server_logger - INFO - The server has started
06/04/2021 02:11:34 AM - server_logger - INFO - The server has started
06/04/2021 02:11:53 AM - server_logger - INFO - Keyboard Interrupt
06/04/2021 02:13:19 AM - server_logger - INFO - The server has started
06/04/2021 07:19:49 PM - server_logger - INFO - The server has started
06/04/2021 07:24:39 PM - server_logger - INFO - The server has started
06/04/2021 07:26:27 PM - server_logger - INFO - The server has started
06/04/2021 07:29:49 PM - server_logger - INFO - The server has started
06/04/2021 07:31:41 PM - server_logger - INFO - The server has started
06/04/2021 07:34:11 PM - server_logger - INFO - The server has started
06/04/2021 07:36:10 PM - server_logger - INFO - The server has started
06/04/2021 07:40:26 PM - server_logger - INFO - The server has started
06/04/2021 07:51:51 PM - server_logger - INFO - The server has started
06/04/2021 07:53:29 PM - server_logger - INFO - The server has started
06/04/2021 07:54:44 PM - server_logger - INFO - The server has started
06/04/2021 07:56:51 PM - server_logger - INFO - The server has started
06/04/2021 07:58:30 PM - server_logger - INFO - The server has started
06/04/2021 08:01:57 PM - server_logger - INFO - The server has started
06/04/2021 08:03:49 PM - server_logger - INFO - The server has started
06/04/2021 08:04:55 PM - server_logger - INFO - The server has started
06/04/2021 08:05:43 PM - server_logger - INFO - The server has started
06/04/2021 08:06:21 PM - server_logger - INFO - The server has started
06/04/2021 08:08:14 PM - server_logger - INFO - The server has started
06/04/2021 08:09:56 PM - server_logger - INFO - The server has started
06/04/2021 08:13:49 PM - server_logger - INFO - The server has started
06/04/2021 08:21:54 PM - server_logger - INFO - The server has started
06/04/2021 08:23:13 PM - server_logger - INFO - The server has started
06/04/2021 08:27:57 PM - server_logger - INFO - The server has started
06/04/2021 08:30:21 PM - server_logger - INFO - The server has started
06/04/2021 08:32:27 PM - server_logger - INFO - The server has started
06/04/2021 08:33:24 PM - server_logger - INFO - The server has started
06/04/2021 08:35:59 PM - server_logger - INFO - The server has started
06/04/2021 08:36:39 PM - server_logger - INFO - The server has started
06/04/2021 08:40:34 PM - server_logger - INFO - The server has started
06/04/2021 08:52:36 PM - server_logger - INFO - The server has started
06/04/2021 08:55:15 PM - server_logger - INFO - The server has started
06/04/2021 08:56:18 PM - server_logger - INFO - The server has started
06/04/2021 09:06:30 PM - server_logger - INFO - The server has started
06/04/2021 09:08:46 PM - server_logger - INFO - The server has started
06/04/2021 09:16:41 PM - server_logger - INFO - The server has started
06/04/2021 09:21:23 PM - server_logger - INFO - The server has started
06/04/2021 09:22:39 PM - server_logger - INFO - The server has started
06/04/2021 09:24:44 PM - server_logger - INFO - The server has started
06/04/2021 09:27:13 PM - server_logger - INFO - The server has started
06/04/2021 09:30:42 PM - server_logger - INFO - The server has started
06/04/2021 10:24:12 PM - server_logger - INFO - The server has started
06/04/2021 10:25:51 PM - server_logger - INFO - The server has started
06/04/2021 10:26:20 PM - server_logger - INFO - The server has started
06/04/2021 10:28:03 PM - server_logger - INFO - The server has started
06/04/2021 11:10:03 PM - server_logger - INFO - The server has started
06/04/2021 11:42:34 PM - server_logger - INFO - The server has started
06/04/2021 11:56:04 PM - server_logger - INFO - Exception - View function mapping is overwriting an existing endpoint function: run_simulation
06/04/2021 11:56:44 PM - server_logger - INFO - Exception - View function mapping is overwriting an existing endpoint function: run_simulation
06/04/2021 11:57:42 PM - server_logger - INFO - Exception - View function mapping is overwriting an existing endpoint function: run_simulation
06/04/2021 11:57:51 PM - server_logger - INFO - Exception - View function mapping is overwriting an existing endpoint function: run_simulation
06/04/2021 11:58:29 PM - server_logger - INFO - The server has started
07/04/2021 12:02:24 AM - server_logger - INFO - The server has started
07/04/2021 12:03:10 AM - server_logger - INFO - The server has started
07/04/2021 12:05:41 AM - server_logger - INFO - The server has started
07/04/2021 12:06:28 AM - server_logger - INFO - The server has started
07/04/2021 12:06:29 AM - server_logger - INFO - Keyboard Interrupt
07/04/2021 12:06:52 AM - server_logger - INFO - The server has started
07/04/2021 12:06:58 AM - server_logger - INFO - Keyboard Interrupt
07/04/2021 12:07:16 AM - server_logger - INFO - The server has started
07/04/2021 12:08:46 AM - server_logger - INFO - The server has started
07/04/2021 12:15:49 AM - server_logger - INFO - The server has started
07/04/2021 12:16:05 AM - server_logger - INFO - The server has started
07/04/2021 12:16:06 AM - server_logger - INFO - Shutdown Gracefully
07/04/2021 12:16:21 AM - server_logger - INFO - The server has started
07/04/2021 12:16:22 AM - server_logger - INFO - Shutdown Gracefully
07/04/2021 12:18:23 AM - server_logger - INFO - The server has started
07/04/2021 12:19:26 AM - server_logger - INFO - The server has started
07/04/2021 12:20:02 AM - server_logger - INFO - Shutdown Gracefully
07/04/2021 12:20:11 AM - server_logger - INFO - The server has started
07/04/2021 12:20:25 AM - server_logger - INFO - Shutdown Gracefully
07/04/2021 12:20:54 AM - server_logger - INFO - The server has started
07/04/2021 12:21:03 AM - server_logger - INFO - Shutdown Gracefully
07/04/2021 12:28:45 AM - server_logger - INFO - The server has started
07/04/2021 12:31:52 AM - server_logger - INFO - The server has started
07/04/2021 12:33:52 AM - server_logger - INFO - The server has started
07/04/2021 12:34:14 AM - server_logger - INFO - The server has started
07/04/2021 12:34:19 AM - server_logger - INFO - The server has started
07/04/2021 12:34:22 AM - server_logger - INFO - Keyboard Interrupt
07/04/2021 12:34:44 AM - server_logger - INFO - The server has started
07/04/2021 12:34:46 AM - server_logger - INFO - Keyboard Interrupt
07/04/2021 12:34:55 AM - server_logger - INFO - The server has started
07/04/2021 12:34:56 AM - server_logger - INFO - Keyboard Interrupt
07/04/2021 12:35:44 AM - server_logger - INFO - The server has started
07/04/2021 12:35:45 AM - server_logger - INFO - Keyboard Interrupt
07/04/2021 12:41:20 AM - server_logger - INFO - Exception - View function mapping is overwriting an existing endpoint function: run_simulation
07/04/2021 12:41:32 AM - server_logger - INFO - Exception - View function mapping is overwriting an existing endpoint function: run_simulation
07/04/2021 12:42:00 AM - server_logger - INFO - Exception - View function mapping is overwriting an existing endpoint function: run_simulation
07/04/2021 12:42:36 AM - server_logger - INFO - The server has started
07/04/2021 12:42:39 AM - server_logger - INFO - Keyboard Interrupt
07/04/2021 12:45:41 AM - server_logger - INFO - The server has started
07/04/2021 12:49:41 AM - server_logger - INFO - The server has started
07/04/2021 12:50:02 AM - server_logger - INFO - The server has started
07/04/2021 12:50:29 AM - server_logger - INFO - The server has started
07/04/2021 12:51:58 AM - server_logger - INFO - The server has started
07/04/2021 12:53:47 AM - server_logger - INFO - The server has started
07/04/2021 12:54:51 AM - server_logger - INFO - The server has started
07/04/2021 12:54:52 AM - server_logger - INFO - The server has been shutdown gracefully
07/04/2021 12:57:06 AM - server_logger - INFO - The server has started
07/04/2021 12:57:08 AM - server_logger - INFO - The server has been shutdown gracefully
07/04/2021 12:57:22 AM - server_logger - INFO - The server has started
07/04/2021 12:57:23 AM - server_logger - INFO - The server has been shutdown gracefully
07/04/2021 01:06:23 AM - server_logger - INFO - The server has started
07/04/2021 01:07:20 AM - server_logger - INFO - The server has started
07/04/2021 01:07:43 AM - server_logger - INFO - The server has started
10/04/2021 02:53:56 AM - server_logger - INFO - Exception - View function mapping is overwriting an existing endpoint function: plot_takeprofit_stoploss
10/04/2021 02:55:38 AM - server_logger - INFO - The server has started
10/04/2021 08:22:10 PM - server_logger - INFO - Exception - View function mapping is overwriting an existing endpoint function: plot_signals_action
10/04/2021 08:23:49 PM - server_logger - INFO - Exception - View function mapping is overwriting an existing endpoint function: plot_signals_action
10/04/2021 08:25:10 PM - server_logger - INFO - The server has started
10/04/2021 08:25:10 PM - server_logger - INFO - Exception - [Errno 48] Address already in use: ('0.0.0.0', 7000)
10/04/2021 08:29:49 PM - server_logger - INFO - The server has started
10/04/2021 08:30:12 PM - server_logger - INFO - The server has been shutdown gracefully
10/04/2021 08:30:18 PM - server_logger - INFO - The server has started
10/04/2021 08:31:19 PM - server_logger - INFO - The server has been shutdown gracefully
